# JRE version: Java(TM) SE Runtime Environment (8.0_201-b09) (build 1.8.0_201-b09)
# Java VM: Java HotSpot(TM) 64-Bit Server VM (25.201-b09 mixed mode windows-amd64 compressed oops)
Heap:
 PSYoungGen      total 280576K, used 202225K [0x00000000d5d80000, 0x00000000e8600000, 0x0000000100000000)
  eden space 270336K, 74% used [0x00000000d5d80000,0x00000000e22fc7b0,0x00000000e6580000)
  from space 10240K, 0% used [0x00000000e6f80000,0x00000000e6f80000,0x00000000e7980000)
  to   space 12800K, 0% used [0x00000000e7980000,0x00000000e7980000,0x00000000e8600000)
 ParOldGen       total 127488K, used 29804K [0x0000000081800000, 0x0000000089480000, 0x00000000d5d80000)
  object space 127488K, 23% used [0x0000000081800000,0x000000008351b090,0x0000000089480000)
 Metaspace       used 65236K, capacity 68612K, committed 68736K, reserved 1107968K
  class space    used 8923K, capacity 9525K, committed 9600K, reserved 1048576K
GC Heap History (10 events):
Event: 4.828 GC heap before
{Heap before GC invocations=13 (full 2):
 PSYoungGen      total 238080K, used 123733K [0x00000000d5d80000, 0x00000000e6000000, 0x0000000100000000)
  eden space 224256K, 49% used [0x00000000d5d80000,0x00000000dc8da740,0x00000000e3880000)
  from space 13824K, 99% used [0x00000000e5280000,0x00000000e5ffae28,0x00000000e6000000)
  to   space 16384K, 0% used [0x00000000e4000000,0x00000000e4000000,0x00000000e5000000)
 ParOldGen       total 84992K, used 20030K [0x0000000081800000, 0x0000000086b00000, 0x00000000d5d80000)
  object space 84992K, 23% used [0x0000000081800000,0x0000000082b8fbf0,0x0000000086b00000)
 Metaspace       used 56213K, capacity 58906K, committed 59136K, reserved 1099776K
  class space    used 7677K, capacity 8171K, committed 8192K, reserved 1048576K
Event: 4.840 GC heap after
Heap after GC invocations=13 (full 2):
 PSYoungGen      total 248320K, used 10800K [0x00000000d5d80000, 0x00000000e9580000, 0x0000000100000000)
  eden space 231936K, 0% used [0x00000000d5d80000,0x00000000d5d80000,0x00000000e4000000)
  from space 16384K, 65% used [0x00000000e4000000,0x00000000e4a8c020,0x00000000e5000000)
  to   space 16384K, 0% used [0x00000000e8580000,0x00000000e8580000,0x00000000e9580000)
 ParOldGen       total 84992K, used 26629K [0x0000000081800000, 0x0000000086b00000, 0x00000000d5d80000)
  object space 84992K, 31% used [0x0000000081800000,0x00000000832014e0,0x0000000086b00000)
 Metaspace       used 56213K, capacity 58906K, committed 59136K, reserved 1099776K
  class space    used 7677K, capacity 8171K, committed 8192K, reserved 1048576K
}
Event: 4.840 GC heap before
{Heap before GC invocations=14 (full 3):
 PSYoungGen      total 248320K, used 10800K [0x00000000d5d80000, 0x00000000e9580000, 0x0000000100000000)
  eden space 231936K, 0% used [0x00000000d5d80000,0x00000000d5d80000,0x00000000e4000000)
  from space 16384K, 65% used [0x00000000e4000000,0x00000000e4a8c020,0x00000000e5000000)
  to   space 16384K, 0% used [0x00000000e8580000,0x00000000e8580000,0x00000000e9580000)
 ParOldGen       total 84992K, used 26629K [0x0000000081800000, 0x0000000086b00000, 0x00000000d5d80000)
  object space 84992K, 31% used [0x0000000081800000,0x00000000832014e0,0x0000000086b00000)
 Metaspace       used 56213K, capacity 58906K, committed 59136K, reserved 1099776K
  class space    used 7677K, capacity 8171K, committed 8192K, reserved 1048576K
Event: 5.012 GC heap after
Heap after GC invocations=14 (full 3):
 PSYoungGen      total 248320K, used 0K [0x00000000d5d80000, 0x00000000e9580000, 0x0000000100000000)
  eden space 231936K, 0% used [0x00000000d5d80000,0x00000000d5d80000,0x00000000e4000000)
  from space 16384K, 0% used [0x00000000e4000000,0x00000000e4000000,0x00000000e5000000)
  to   space 16384K, 0% used [0x00000000e8580000,0x00000000e8580000,0x00000000e9580000)
 ParOldGen       total 127488K, used 31263K [0x0000000081800000, 0x0000000089480000, 0x00000000d5d80000)
  object space 127488K, 24% used [0x0000000081800000,0x0000000083687c30,0x0000000089480000)
 Metaspace       used 56213K, capacity 58906K, committed 59136K, reserved 1099776K
  class space    used 7677K, capacity 8171K, committed 8192K, reserved 1048576K
}
Event: 175.811 GC heap before
{Heap before GC invocations=15 (full 3):
 PSYoungGen      total 248320K, used 231936K [0x00000000d5d80000, 0x00000000e9580000, 0x0000000100000000)
  eden space 231936K, 100% used [0x00000000d5d80000,0x00000000e4000000,0x00000000e4000000)
  from space 16384K, 0% used [0x00000000e4000000,0x00000000e4000000,0x00000000e5000000)
  to   space 16384K, 0% used [0x00000000e8580000,0x00000000e8580000,0x00000000e9580000)
 ParOldGen       total 127488K, used 31263K [0x0000000081800000, 0x0000000089480000, 0x00000000d5d80000)
  object space 127488K, 24% used [0x0000000081800000,0x0000000083687c30,0x0000000089480000)
 Metaspace       used 61369K, capacity 64566K, committed 64896K, reserved 1105920K
  class space    used 8425K, capacity 8995K, committed 9088K, reserved 1048576K
Event: 175.822 GC heap after
Heap after GC invocations=15 (full 3):
 PSYoungGen      total 279552K, used 9101K [0x00000000d5d80000, 0x00000000e8e80000, 0x0000000100000000)
  eden space 270336K, 0% used [0x00000000d5d80000,0x00000000d5d80000,0x00000000e6580000)
  from space 9216K, 98% used [0x00000000e8580000,0x00000000e8e63680,0x00000000e8e80000)
  to   space 15872K, 0% used [0x00000000e6f80000,0x00000000e6f80000,0x00000000e7f00000)
 ParOldGen       total 127488K, used 31271K [0x0000000081800000, 0x0000000089480000, 0x00000000d5d80000)
  object space 127488K, 24% used [0x0000000081800000,0x0000000083689c30,0x0000000089480000)
 Metaspace       used 61369K, capacity 64566K, committed 64896K, reserved 1105920K
  class space    used 8425K, capacity 8995K, committed 9088K, reserved 1048576K
}
Event: 442.960 GC heap before
{Heap before GC invocations=16 (full 3):
 PSYoungGen      total 279552K, used 200578K [0x00000000d5d80000, 0x00000000e8e80000, 0x0000000100000000)
  eden space 270336K, 70% used [0x00000000d5d80000,0x00000000e187d328,0x00000000e6580000)
  from space 9216K, 98% used [0x00000000e8580000,0x00000000e8e63680,0x00000000e8e80000)
  to   space 15872K, 0% used [0x00000000e6f80000,0x00000000e6f80000,0x00000000e7f00000)
 ParOldGen       total 127488K, used 31271K [0x0000000081800000, 0x0000000089480000, 0x00000000d5d80000)
  object space 127488K, 24% used [0x0000000081800000,0x0000000083689c30,0x0000000089480000)
 Metaspace       used 64514K, capacity 67852K, committed 68096K, reserved 1107968K
  class space    used 8857K, capacity 9427K, committed 9472K, reserved 1048576K
Event: 442.990 GC heap after
Heap after GC invocations=16 (full 3):
 PSYoungGen      total 280576K, used 10074K [0x00000000d5d80000, 0x00000000e8600000, 0x0000000100000000)
  eden space 270336K, 0% used [0x00000000d5d80000,0x00000000d5d80000,0x00000000e6580000)
  from space 10240K, 98% used [0x00000000e6f80000,0x00000000e79569f8,0x00000000e7980000)
  to   space 12800K, 0% used [0x00000000e7980000,0x00000000e7980000,0x00000000e8600000)
 ParOldGen       total 127488K, used 31279K [0x0000000081800000, 0x0000000089480000, 0x00000000d5d80000)
  object space 127488K, 24% used [0x0000000081800000,0x000000008368bc30,0x0000000089480000)
 Metaspace       used 64514K, capacity 67852K, committed 68096K, reserved 1107968K
  class space    used 8857K, capacity 9427K, committed 9472K, reserved 1048576K
}
Event: 442.990 GC heap before
{Heap before GC invocations=17 (full 4):
 PSYoungGen      total 280576K, used 10074K [0x00000000d5d80000, 0x00000000e8600000, 0x0000000100000000)
  eden space 270336K, 0% used [0x00000000d5d80000,0x00000000d5d80000,0x00000000e6580000)
  from space 10240K, 98% used [0x00000000e6f80000,0x00000000e79569f8,0x00000000e7980000)
  to   space 12800K, 0% used [0x00000000e7980000,0x00000000e7980000,0x00000000e8600000)
 ParOldGen       total 127488K, used 31279K [0x0000000081800000, 0x0000000089480000, 0x00000000d5d80000)
  object space 127488K, 24% used [0x0000000081800000,0x000000008368bc30,0x0000000089480000)
 Metaspace       used 64514K, capacity 67852K, committed 68096K, reserved 1107968K
  class space    used 8857K, capacity 9427K, committed 9472K, reserved 1048576K
Event: 443.136 GC heap after
Heap after GC invocations=17 (full 4):
 PSYoungGen      total 280576K, used 0K [0x00000000d5d80000, 0x00000000e8600000, 0x0000000100000000)
  eden space 270336K, 0% used [0x00000000d5d80000,0x00000000d5d80000,0x00000000e6580000)
  from space 10240K, 0% used [0x00000000e6f80000,0x00000000e6f80000,0x00000000e7980000)
  to   space 12800K, 0% used [0x00000000e7980000,0x00000000e7980000,0x00000000e8600000)
 ParOldGen       total 127488K, used 29804K [0x0000000081800000, 0x0000000089480000, 0x00000000d5d80000)
  object space 127488K, 23% used [0x0000000081800000,0x000000008351b090,0x0000000089480000)
 Metaspace       used 64512K, capacity 67846K, committed 68096K, reserved 1107968K
  class space    used 8856K, capacity 9426K, committed 9472K, reserved 1048576K
}

